<?xml version="1.0" encoding="UTF-8"?>
<testng-results skipped="0" failed="0" ignored="0" total="0" passed="0">
  <reporter-output>
  </reporter-output>
  <suite name="Default suite" duration-ms="6" started-at="2021-11-15T13:09:13Z" finished-at="2021-11-15T13:09:13Z">
    <groups>
    </groups>
    <test name="Default test" duration-ms="6" started-at="2021-11-15T13:09:13Z" finished-at="2021-11-15T13:09:13Z">
      <class name="org.example.org.example.RestFulBooker">
        <test-method status="PASS" signature="createToken()[pri:0, instance:org.example.org.example.RestFulBooker@6ebc05a6]" name="createToken" is-config="true" duration-ms="4016" started-at="2021-11-15T13:09:09Z" finished-at="2021-11-15T13:09:13Z">
          <reporter-output>
          </reporter-output>
        </test-method> <!-- createToken -->
      </class> <!-- org.example.org.example.RestFulBooker -->
    </test> <!-- Default test -->
  </suite> <!-- Default suite -->
</testng-results>
